l:\1stexcercises\aiebootstrap\aiebootstrap\temp\project2d\debug\vc140.pdb
l:\1stexcercises\aiebootstrap\aiebootstrap\temp\project2d\debug\vc140.idb
l:\1stexcercises\aiebootstrap\aiebootstrap\temp\project2d\debug\vector2.obj
l:\1stexcercises\aiebootstrap\aiebootstrap\temp\project2d\debug\application2d.obj
l:\1stexcercises\aiebootstrap\aiebootstrap\temp\project2d\debug\main.obj
l:\1stexcercises\aiebootstrap\aiebootstrap\temp\project2d\debug\seek.obj
l:\1stexcercises\aiebootstrap\aiebootstrap\temp\project2d\debug\agents.obj
l:\1stexcercises\aiebootstrap\aiebootstrap\temp\project2d\debug\keyboardcontroller.obj
l:\1stexcercises\aiebootstrap\aiebootstrap\temp\project2d\debug\astar.obj
l:\1stexcercises\aiebootstrap\aiebootstrap\temp\project2d\debug\grid.obj
l:\1stexcercises\aiebootstrap\aiebootstrap\temp\project2d\debug\decisionbuttonpressed.obj
l:\1stexcercises\aiebootstrap\aiebootstrap\temp\project2d\debug\decisionnothingpressed.obj
l:\1stexcercises\aiebootstrap\aiebootstrap\temp\project2d\debug\decisionprint.obj
l:\1stexcercises\aiebootstrap\aiebootstrap\temp\project2d\debug\entity.obj
l:\1stexcercises\aiebootstrap\aiebootstrap\temp\project2d\debug\decisiontree.obj
l:\1stexcercises\aiebootstrap\aiebootstrap\temp\project2d\debug\statemachine.obj
l:\1stexcercises\aiebootstrap\aiebootstrap\temp\project2d\debug\player.obj
l:\1stexcercises\aiebootstrap\aiebootstrap\temp\project2d\debug\idle.obj
l:\1stexcercises\aiebootstrap\aiebootstrap\temp\project2d\debug\patrol.obj
l:\1stexcercises\aiebootstrap\aiebootstrap\temp\project2d\debug\follow.obj
l:\1stexcercises\aiebootstrap\aiebootstrap\temp\project2d\debug\project2d.lib
l:\1stexcercises\aiebootstrap\aiebootstrap\temp\project2d\debug\project2d.exp
l:\1stexcercises\aiebootstrap\aiebootstrap\temp\project2d\debug\grid.obj.enc
l:\1stexcercises\aiebootstrap\aiebootstrap\temp\project2d\debug\project2d.pdb
l:\1stexcercises\aiebootstrap\aiebootstrap\temp\project2d\debug\project2d.tlog\cl.command.1.tlog
l:\1stexcercises\aiebootstrap\aiebootstrap\temp\project2d\debug\project2d.tlog\cl.read.1.tlog
l:\1stexcercises\aiebootstrap\aiebootstrap\temp\project2d\debug\project2d.tlog\cl.write.1.tlog
l:\1stexcercises\aiebootstrap\aiebootstrap\temp\project2d\debug\project2d.tlog\link-cvtres.read.1.tlog
l:\1stexcercises\aiebootstrap\aiebootstrap\temp\project2d\debug\project2d.tlog\link-cvtres.write.1.tlog
l:\1stexcercises\aiebootstrap\aiebootstrap\temp\project2d\debug\project2d.tlog\link-rc.read.1.tlog
l:\1stexcercises\aiebootstrap\aiebootstrap\temp\project2d\debug\project2d.tlog\link-rc.write.1.tlog
l:\1stexcercises\aiebootstrap\aiebootstrap\temp\project2d\debug\project2d.tlog\link.4548-cvtres.read.1.tlog
l:\1stexcercises\aiebootstrap\aiebootstrap\temp\project2d\debug\project2d.tlog\link.4548-cvtres.write.1.tlog
l:\1stexcercises\aiebootstrap\aiebootstrap\temp\project2d\debug\project2d.tlog\link.4548-rc.read.1.tlog
l:\1stexcercises\aiebootstrap\aiebootstrap\temp\project2d\debug\project2d.tlog\link.4548-rc.write.1.tlog
l:\1stexcercises\aiebootstrap\aiebootstrap\temp\project2d\debug\project2d.tlog\link.4548.read.1.tlog
l:\1stexcercises\aiebootstrap\aiebootstrap\temp\project2d\debug\project2d.tlog\link.4548.write.1.tlog
l:\1stexcercises\aiebootstrap\aiebootstrap\temp\project2d\debug\project2d.tlog\link.command.1.tlog
l:\1stexcercises\aiebootstrap\aiebootstrap\temp\project2d\debug\project2d.tlog\link.read.1.tlog
l:\1stexcercises\aiebootstrap\aiebootstrap\temp\project2d\debug\project2d.tlog\link.write.1.tlog
l:\1stexcercises\aiebootstrap\aiebootstrap\temp\project2d\debug\project2d.tlog\project2d.write.1u.tlog
