l:\1stexcercises\aiebootstrap\aiebootstrap\temp\bootstrap\debug\bootstrap.pdb
l:\1stexcercises\aiebootstrap\aiebootstrap\temp\bootstrap\debug\bootstrap.idb
l:\1stexcercises\aiebootstrap\aiebootstrap\temp\bootstrap\debug\imgui.obj
l:\1stexcercises\aiebootstrap\aiebootstrap\temp\bootstrap\debug\imgui_draw.obj
l:\1stexcercises\aiebootstrap\aiebootstrap\temp\bootstrap\debug\application.obj
l:\1stexcercises\aiebootstrap\aiebootstrap\temp\bootstrap\debug\audio.obj
l:\1stexcercises\aiebootstrap\aiebootstrap\temp\bootstrap\debug\font.obj
l:\1stexcercises\aiebootstrap\aiebootstrap\temp\bootstrap\debug\gizmos.obj
l:\1stexcercises\aiebootstrap\aiebootstrap\temp\bootstrap\debug\imgui_glfw3.obj
l:\1stexcercises\aiebootstrap\aiebootstrap\temp\bootstrap\debug\input.obj
l:\1stexcercises\aiebootstrap\aiebootstrap\temp\bootstrap\debug\renderer2d.obj
l:\1stexcercises\aiebootstrap\aiebootstrap\temp\bootstrap\debug\soundmanager.obj
l:\1stexcercises\aiebootstrap\aiebootstrap\temp\bootstrap\debug\texture.obj
l:\1stexcercises\aiebootstrap\aiebootstrap\temp\bootstrap\debug\gl_core_4_4.obj
l:\1stexcercises\aiebootstrap\aiebootstrap\temp\bootstrap\debug\bootstrap.lib
l:\1stexcercises\aiebootstrap\aiebootstrap\temp\bootstrap\debug\bootstrap.tlog\cl.command.1.tlog
l:\1stexcercises\aiebootstrap\aiebootstrap\temp\bootstrap\debug\bootstrap.tlog\cl.read.1.tlog
l:\1stexcercises\aiebootstrap\aiebootstrap\temp\bootstrap\debug\bootstrap.tlog\cl.write.1.tlog
l:\1stexcercises\aiebootstrap\aiebootstrap\temp\bootstrap\debug\bootstrap.tlog\lib-link.read.1.tlog
l:\1stexcercises\aiebootstrap\aiebootstrap\temp\bootstrap\debug\bootstrap.tlog\lib-link.write.1.tlog
l:\1stexcercises\aiebootstrap\aiebootstrap\temp\bootstrap\debug\bootstrap.tlog\lib.command.1.tlog
